<?xml version="1.0" encoding="UTF-8"?>
<testsuite xmlns:xsi="http://www.w3.org/2001/XMLSchema-instance" xsi:noNamespaceSchemaLocation="https://maven.apache.org/surefire/maven-surefire-plugin/xsd/surefire-test-report-3.0.xsd" version="3.0" name="edu.ntnu.g14.TestTransaction" time="0.091" tests="1" errors="0" skipped="0" failures="0">
  <properties>
    <property name="java.specification.version" value="19"/>
    <property name="sun.jnu.encoding" value="UTF-8"/>
    <property name="java.class.path" value="/Users/abdul/Documents/Skole/2022/2/IDATT 1002 - Systemutvikling/Project Bank/idatt1002_2023_group14/target/test-classes:/Users/abdul/.m2/repository/org/openjfx/javafx-controls/17.0.1/javafx-controls-17.0.1.jar:/Users/abdul/.m2/repository/javax/activation/activation/1.1/activation-1.1.jar:/Users/abdul/.m2/repository/commons-beanutils/commons-beanutils/1.9.4/commons-beanutils-1.9.4.jar:/Users/abdul/.m2/repository/commons-digester/commons-digester/2.1/commons-digester-2.1.jar:/Users/abdul/.m2/repository/commons-logging/commons-logging/1.2/commons-logging-1.2.jar:/Users/abdul/.m2/repository/commons-collections/commons-collections/3.2.2/commons-collections-3.2.2.jar:/Users/abdul/.m2/repository/org/openjfx/javafx-fxml/17.0.1/javafx-fxml-17.0.1.jar:/Users/abdul/.m2/repository/org/openjfx/javafx-fxml/17.0.1/javafx-fxml-17.0.1-mac-aarch64.jar:/Users/abdul/.m2/repository/org/openjfx/javafx-base/17.0.1/javafx-base-17.0.1.jar:/Users/abdul/.m2/repository/org/openjfx/javafx-graphics/17.0.1/javafx-graphics-17.0.1.jar:/Users/abdul/.m2/repository/org/openjfx/javafx-web/11.0.2/javafx-web-11.0.2.jar:/Users/abdul/.m2/repository/org/openjfx/javafx-web/11.0.2/javafx-web-11.0.2-mac.jar:/Users/abdul/.m2/repository/org/openjfx/javafx-media/11.0.2/javafx-media-11.0.2.jar:/Users/abdul/.m2/repository/org/openjfx/javafx-media/11.0.2/javafx-media-11.0.2-mac.jar:/Users/abdul/.m2/repository/org/openjfx/javafx-swing/11.0.2/javafx-swing-11.0.2.jar:/Users/abdul/.m2/repository/org/openjfx/javafx-swing/11.0.2/javafx-swing-11.0.2-mac.jar:/Users/abdul/.m2/repository/org/xerial/sqlite-jdbc/3.36.0.3/sqlite-jdbc-3.36.0.3.jar:/Users/abdul/.m2/repository/org/junit/jupiter/junit-jupiter-api/5.8.1/junit-jupiter-api-5.8.1.jar:/Users/abdul/.m2/repository/org/opentest4j/opentest4j/1.2.0/opentest4j-1.2.0.jar:/Users/abdul/.m2/repository/org/junit/platform/junit-platform-commons/1.8.1/junit-platform-commons-1.8.1.jar:/Users/abdul/.m2/repository/org/apiguardian/apiguardian-api/1.1.2/apiguardian-api-1.1.2.jar:/Users/abdul/.m2/repository/org/junit/jupiter/junit-jupiter-engine/5.8.1/junit-jupiter-engine-5.8.1.jar:/Users/abdul/.m2/repository/org/junit/platform/junit-platform-engine/1.8.1/junit-platform-engine-1.8.1.jar:/Users/abdul/.m2/repository/org/apache/maven/plugins/maven-assembly-plugin/3.3.0/maven-assembly-plugin-3.3.0.jar:/Users/abdul/.m2/repository/org/apache/maven/maven-plugin-api/3.0/maven-plugin-api-3.0.jar:/Users/abdul/.m2/repository/org/sonatype/sisu/sisu-inject-plexus/1.4.2/sisu-inject-plexus-1.4.2.jar:/Users/abdul/.m2/repository/org/sonatype/sisu/sisu-inject-bean/1.4.2/sisu-inject-bean-1.4.2.jar:/Users/abdul/.m2/repository/org/sonatype/sisu/sisu-guice/2.1.7/sisu-guice-2.1.7-noaop.jar:/Users/abdul/.m2/repository/org/apache/maven/maven-core/3.0/maven-core-3.0.jar:/Users/abdul/.m2/repository/org/apache/maven/maven-settings/3.0/maven-settings-3.0.jar:/Users/abdul/.m2/repository/org/apache/maven/maven-settings-builder/3.0/maven-settings-builder-3.0.jar:/Users/abdul/.m2/repository/org/apache/maven/maven-repository-metadata/3.0/maven-repository-metadata-3.0.jar:/Users/abdul/.m2/repository/org/apache/maven/maven-model-builder/3.0/maven-model-builder-3.0.jar:/Users/abdul/.m2/repository/org/apache/maven/maven-aether-provider/3.0/maven-aether-provider-3.0.jar:/Users/abdul/.m2/repository/org/sonatype/aether/aether-impl/1.7/aether-impl-1.7.jar:/Users/abdul/.m2/repository/org/sonatype/aether/aether-spi/1.7/aether-spi-1.7.jar:/Users/abdul/.m2/repository/org/sonatype/aether/aether-api/1.7/aether-api-1.7.jar:/Users/abdul/.m2/repository/org/sonatype/aether/aether-util/1.7/aether-util-1.7.jar:/Users/abdul/.m2/repository/org/codehaus/plexus/plexus-classworlds/2.2.3/plexus-classworlds-2.2.3.jar:/Users/abdul/.m2/repository/org/codehaus/plexus/plexus-component-annotations/1.5.5/plexus-component-annotations-1.5.5.jar:/Users/abdul/.m2/repository/org/sonatype/plexus/plexus-sec-dispatcher/1.3/plexus-sec-dispatcher-1.3.jar:/Users/abdul/.m2/repository/org/sonatype/plexus/plexus-cipher/1.4/plexus-cipher-1.4.jar:/Users/abdul/.m2/repository/org/apache/maven/maven-artifact/3.0/maven-artifact-3.0.jar:/Users/abdul/.m2/repository/org/apache/maven/maven-model/3.0/maven-model-3.0.jar:/Users/abdul/.m2/repository/org/apache/maven/shared/maven-common-artifact-filters/3.1.0/maven-common-artifact-filters-3.1.0.jar:/Users/abdul/.m2/repository/org/apache/maven/shared/maven-shared-utils/3.1.0/maven-shared-utils-3.1.0.jar:/Users/abdul/.m2/repository/org/apache/maven/shared/maven-artifact-transfer/0.11.0/maven-artifact-transfer-0.11.0.jar:/Users/abdul/.m2/repository/org/codehaus/plexus/plexus-interpolation/1.25/plexus-interpolation-1.25.jar:/Users/abdul/.m2/repository/org/codehaus/plexus/plexus-archiver/4.2.1/plexus-archiver-4.2.1.jar:/Users/abdul/.m2/repository/org/apache/commons/commons-compress/1.19/commons-compress-1.19.jar:/Users/abdul/.m2/repository/org/iq80/snappy/snappy/0.4/snappy-0.4.jar:/Users/abdul/.m2/repository/org/tukaani/xz/1.8/xz-1.8.jar:/Users/abdul/.m2/repository/org/apache/maven/shared/file-management/3.0.0/file-management-3.0.0.jar:/Users/abdul/.m2/repository/org/apache/maven/shared/maven-shared-io/3.0.0/maven-shared-io-3.0.0.jar:/Users/abdul/.m2/repository/org/apache/maven/maven-compat/3.0/maven-compat-3.0.jar:/Users/abdul/.m2/repository/org/apache/maven/wagon/wagon-provider-api/2.10/wagon-provider-api-2.10.jar:/Users/abdul/.m2/repository/commons-io/commons-io/2.5/commons-io-2.5.jar:/Users/abdul/.m2/repository/org/apache/maven/shared/maven-filtering/3.1.1/maven-filtering-3.1.1.jar:/Users/abdul/.m2/repository/org/sonatype/plexus/plexus-build-api/0.0.7/plexus-build-api-0.0.7.jar:/Users/abdul/.m2/repository/org/codehaus/plexus/plexus-io/3.2.0/plexus-io-3.2.0.jar:/Users/abdul/.m2/repository/org/apache/maven/maven-archiver/3.5.0/maven-archiver-3.5.0.jar:/Users/abdul/.m2/repository/org/codehaus/plexus/plexus-utils/3.3.0/plexus-utils-3.3.0.jar:/Users/abdul/.m2/repository/commons-codec/commons-codec/1.6/commons-codec-1.6.jar:/Users/abdul/.m2/repository/com/github/Dansoftowner/jSystemThemeDetector/3.8/jSystemThemeDetector-3.8.jar:/Users/abdul/.m2/repository/net/java/dev/jna/jna/5.10.0/jna-5.10.0.jar:/Users/abdul/.m2/repository/net/java/dev/jna/jna-platform/5.10.0/jna-platform-5.10.0.jar:/Users/abdul/.m2/repository/de/jangassen/jfa/1.2.0/jfa-1.2.0.jar:/Users/abdul/.m2/repository/com/github/oshi/oshi-core/5.8.6/oshi-core-5.8.6.jar:/Users/abdul/.m2/repository/io/github/g00fy2/versioncompare/1.4.1/versioncompare-1.4.1.jar:/Users/abdul/.m2/repository/org/jetbrains/annotations/22.0.0/annotations-22.0.0.jar:/Users/abdul/.m2/repository/org/slf4j/slf4j-api/1.7.36/slf4j-api-1.7.36.jar:/Users/abdul/.m2/repository/org/slf4j/slf4j-simple/1.7.36/slf4j-simple-1.7.36.jar:"/>
    <property name="java.vm.vendor" value="Homebrew"/>
    <property name="sun.arch.data.model" value="64"/>
    <property name="java.vendor.url" value="https://github.com/Homebrew/homebrew-core/issues"/>
    <property name="user.timezone" value="Europe/Oslo"/>
    <property name="os.name" value="Mac OS X"/>
    <property name="java.vm.specification.version" value="19"/>
    <property name="sun.java.launcher" value="SUN_STANDARD"/>
    <property name="user.country" value="NO"/>
    <property name="sun.boot.library.path" value="/opt/homebrew/Cellar/openjdk/19.0.2/libexec/openjdk.jdk/Contents/Home/lib"/>
    <property name="sun.java.command" value="org.apache.maven.surefire.booter.ForkedBooter /Users/abdul/Documents/Skole/2022/2/IDATT 1002 - Systemutvikling/Project Bank/idatt1002_2023_group14/target/surefire 2023-04-26T23-54-42_023-jvmRun1 surefire7154575318535811335tmp surefire_06825027089683217040tmp"/>
    <property name="http.nonProxyHosts" value="local|*.local|169.254/16|*.169.254/16"/>
    <property name="jdk.debug" value="release"/>
    <property name="surefire.test.class.path" value="/Users/abdul/Documents/Skole/2022/2/IDATT 1002 - Systemutvikling/Project Bank/idatt1002_2023_group14/target/test-classes:/Users/abdul/.m2/repository/org/openjfx/javafx-controls/17.0.1/javafx-controls-17.0.1.jar:/Users/abdul/.m2/repository/javax/activation/activation/1.1/activation-1.1.jar:/Users/abdul/.m2/repository/commons-beanutils/commons-beanutils/1.9.4/commons-beanutils-1.9.4.jar:/Users/abdul/.m2/repository/commons-digester/commons-digester/2.1/commons-digester-2.1.jar:/Users/abdul/.m2/repository/commons-logging/commons-logging/1.2/commons-logging-1.2.jar:/Users/abdul/.m2/repository/commons-collections/commons-collections/3.2.2/commons-collections-3.2.2.jar:/Users/abdul/.m2/repository/org/openjfx/javafx-fxml/17.0.1/javafx-fxml-17.0.1.jar:/Users/abdul/.m2/repository/org/openjfx/javafx-fxml/17.0.1/javafx-fxml-17.0.1-mac-aarch64.jar:/Users/abdul/.m2/repository/org/openjfx/javafx-base/17.0.1/javafx-base-17.0.1.jar:/Users/abdul/.m2/repository/org/openjfx/javafx-graphics/17.0.1/javafx-graphics-17.0.1.jar:/Users/abdul/.m2/repository/org/openjfx/javafx-web/11.0.2/javafx-web-11.0.2.jar:/Users/abdul/.m2/repository/org/openjfx/javafx-web/11.0.2/javafx-web-11.0.2-mac.jar:/Users/abdul/.m2/repository/org/openjfx/javafx-media/11.0.2/javafx-media-11.0.2.jar:/Users/abdul/.m2/repository/org/openjfx/javafx-media/11.0.2/javafx-media-11.0.2-mac.jar:/Users/abdul/.m2/repository/org/openjfx/javafx-swing/11.0.2/javafx-swing-11.0.2.jar:/Users/abdul/.m2/repository/org/openjfx/javafx-swing/11.0.2/javafx-swing-11.0.2-mac.jar:/Users/abdul/.m2/repository/org/xerial/sqlite-jdbc/3.36.0.3/sqlite-jdbc-3.36.0.3.jar:/Users/abdul/.m2/repository/org/junit/jupiter/junit-jupiter-api/5.8.1/junit-jupiter-api-5.8.1.jar:/Users/abdul/.m2/repository/org/opentest4j/opentest4j/1.2.0/opentest4j-1.2.0.jar:/Users/abdul/.m2/repository/org/junit/platform/junit-platform-commons/1.8.1/junit-platform-commons-1.8.1.jar:/Users/abdul/.m2/repository/org/apiguardian/apiguardian-api/1.1.2/apiguardian-api-1.1.2.jar:/Users/abdul/.m2/repository/org/junit/jupiter/junit-jupiter-engine/5.8.1/junit-jupiter-engine-5.8.1.jar:/Users/abdul/.m2/repository/org/junit/platform/junit-platform-engine/1.8.1/junit-platform-engine-1.8.1.jar:/Users/abdul/.m2/repository/org/apache/maven/plugins/maven-assembly-plugin/3.3.0/maven-assembly-plugin-3.3.0.jar:/Users/abdul/.m2/repository/org/apache/maven/maven-plugin-api/3.0/maven-plugin-api-3.0.jar:/Users/abdul/.m2/repository/org/sonatype/sisu/sisu-inject-plexus/1.4.2/sisu-inject-plexus-1.4.2.jar:/Users/abdul/.m2/repository/org/sonatype/sisu/sisu-inject-bean/1.4.2/sisu-inject-bean-1.4.2.jar:/Users/abdul/.m2/repository/org/sonatype/sisu/sisu-guice/2.1.7/sisu-guice-2.1.7-noaop.jar:/Users/abdul/.m2/repository/org/apache/maven/maven-core/3.0/maven-core-3.0.jar:/Users/abdul/.m2/repository/org/apache/maven/maven-settings/3.0/maven-settings-3.0.jar:/Users/abdul/.m2/repository/org/apache/maven/maven-settings-builder/3.0/maven-settings-builder-3.0.jar:/Users/abdul/.m2/repository/org/apache/maven/maven-repository-metadata/3.0/maven-repository-metadata-3.0.jar:/Users/abdul/.m2/repository/org/apache/maven/maven-model-builder/3.0/maven-model-builder-3.0.jar:/Users/abdul/.m2/repository/org/apache/maven/maven-aether-provider/3.0/maven-aether-provider-3.0.jar:/Users/abdul/.m2/repository/org/sonatype/aether/aether-impl/1.7/aether-impl-1.7.jar:/Users/abdul/.m2/repository/org/sonatype/aether/aether-spi/1.7/aether-spi-1.7.jar:/Users/abdul/.m2/repository/org/sonatype/aether/aether-api/1.7/aether-api-1.7.jar:/Users/abdul/.m2/repository/org/sonatype/aether/aether-util/1.7/aether-util-1.7.jar:/Users/abdul/.m2/repository/org/codehaus/plexus/plexus-classworlds/2.2.3/plexus-classworlds-2.2.3.jar:/Users/abdul/.m2/repository/org/codehaus/plexus/plexus-component-annotations/1.5.5/plexus-component-annotations-1.5.5.jar:/Users/abdul/.m2/repository/org/sonatype/plexus/plexus-sec-dispatcher/1.3/plexus-sec-dispatcher-1.3.jar:/Users/abdul/.m2/repository/org/sonatype/plexus/plexus-cipher/1.4/plexus-cipher-1.4.jar:/Users/abdul/.m2/repository/org/apache/maven/maven-artifact/3.0/maven-artifact-3.0.jar:/Users/abdul/.m2/repository/org/apache/maven/maven-model/3.0/maven-model-3.0.jar:/Users/abdul/.m2/repository/org/apache/maven/shared/maven-common-artifact-filters/3.1.0/maven-common-artifact-filters-3.1.0.jar:/Users/abdul/.m2/repository/org/apache/maven/shared/maven-shared-utils/3.1.0/maven-shared-utils-3.1.0.jar:/Users/abdul/.m2/repository/org/apache/maven/shared/maven-artifact-transfer/0.11.0/maven-artifact-transfer-0.11.0.jar:/Users/abdul/.m2/repository/org/codehaus/plexus/plexus-interpolation/1.25/plexus-interpolation-1.25.jar:/Users/abdul/.m2/repository/org/codehaus/plexus/plexus-archiver/4.2.1/plexus-archiver-4.2.1.jar:/Users/abdul/.m2/repository/org/apache/commons/commons-compress/1.19/commons-compress-1.19.jar:/Users/abdul/.m2/repository/org/iq80/snappy/snappy/0.4/snappy-0.4.jar:/Users/abdul/.m2/repository/org/tukaani/xz/1.8/xz-1.8.jar:/Users/abdul/.m2/repository/org/apache/maven/shared/file-management/3.0.0/file-management-3.0.0.jar:/Users/abdul/.m2/repository/org/apache/maven/shared/maven-shared-io/3.0.0/maven-shared-io-3.0.0.jar:/Users/abdul/.m2/repository/org/apache/maven/maven-compat/3.0/maven-compat-3.0.jar:/Users/abdul/.m2/repository/org/apache/maven/wagon/wagon-provider-api/2.10/wagon-provider-api-2.10.jar:/Users/abdul/.m2/repository/commons-io/commons-io/2.5/commons-io-2.5.jar:/Users/abdul/.m2/repository/org/apache/maven/shared/maven-filtering/3.1.1/maven-filtering-3.1.1.jar:/Users/abdul/.m2/repository/org/sonatype/plexus/plexus-build-api/0.0.7/plexus-build-api-0.0.7.jar:/Users/abdul/.m2/repository/org/codehaus/plexus/plexus-io/3.2.0/plexus-io-3.2.0.jar:/Users/abdul/.m2/repository/org/apache/maven/maven-archiver/3.5.0/maven-archiver-3.5.0.jar:/Users/abdul/.m2/repository/org/codehaus/plexus/plexus-utils/3.3.0/plexus-utils-3.3.0.jar:/Users/abdul/.m2/repository/commons-codec/commons-codec/1.6/commons-codec-1.6.jar:/Users/abdul/.m2/repository/com/github/Dansoftowner/jSystemThemeDetector/3.8/jSystemThemeDetector-3.8.jar:/Users/abdul/.m2/repository/net/java/dev/jna/jna/5.10.0/jna-5.10.0.jar:/Users/abdul/.m2/repository/net/java/dev/jna/jna-platform/5.10.0/jna-platform-5.10.0.jar:/Users/abdul/.m2/repository/de/jangassen/jfa/1.2.0/jfa-1.2.0.jar:/Users/abdul/.m2/repository/com/github/oshi/oshi-core/5.8.6/oshi-core-5.8.6.jar:/Users/abdul/.m2/repository/io/github/g00fy2/versioncompare/1.4.1/versioncompare-1.4.1.jar:/Users/abdul/.m2/repository/org/jetbrains/annotations/22.0.0/annotations-22.0.0.jar:/Users/abdul/.m2/repository/org/slf4j/slf4j-api/1.7.36/slf4j-api-1.7.36.jar:/Users/abdul/.m2/repository/org/slf4j/slf4j-simple/1.7.36/slf4j-simple-1.7.36.jar:"/>
    <property name="sun.cpu.endian" value="little"/>
    <property name="user.home" value="/Users/abdul"/>
    <property name="user.language" value="en"/>
    <property name="java.specification.vendor" value="Oracle Corporation"/>
    <property name="jdk.module.path" value="/Users/abdul/Documents/Skole/2022/2/IDATT 1002 - Systemutvikling/Project Bank/idatt1002_2023_group14/target/classes:/Users/abdul/.m2/repository/org/openjfx/javafx-controls/17.0.1/javafx-controls-17.0.1-mac-aarch64.jar:/Users/abdul/.m2/repository/org/json/json/20220924/json-20220924.jar:/Users/abdul/.m2/repository/com/sun/mail/javax.mail/1.6.2/javax.mail-1.6.2.jar:/Users/abdul/.m2/repository/commons-validator/commons-validator/1.7/commons-validator-1.7.jar:/Users/abdul/.m2/repository/org/openjfx/javafx-base/17.0.1/javafx-base-17.0.1-mac-aarch64.jar:/Users/abdul/.m2/repository/org/openjfx/javafx-graphics/17.0.1/javafx-graphics-17.0.1-mac-aarch64.jar"/>
    <property name="java.version.date" value="2023-01-17"/>
    <property name="java.home" value="/opt/homebrew/Cellar/openjdk/19.0.2/libexec/openjdk.jdk/Contents/Home"/>
    <property name="file.separator" value="/"/>
    <property name="basedir" value="/Users/abdul/Documents/Skole/2022/2/IDATT 1002 - Systemutvikling/Project Bank/idatt1002_2023_group14"/>
    <property name="java.vm.compressedOopsMode" value="Zero based"/>
    <property name="line.separator" value="&#10;"/>
    <property name="java.vm.specification.vendor" value="Oracle Corporation"/>
    <property name="java.specification.name" value="Java Platform API Specification"/>
    <property name="apple.awt.application.name" value="ForkedBooter"/>
    <property name="surefire.real.class.path" value="/Users/abdul/.m2/repository/org/apache/maven/surefire/surefire-booter/3.0.0-M5/surefire-booter-3.0.0-M5.jar:/Users/abdul/.m2/repository/org/apache/maven/surefire/surefire-api/3.0.0-M5/surefire-api-3.0.0-M5.jar:/Users/abdul/.m2/repository/org/apache/maven/surefire/surefire-logger-api/3.0.0-M5/surefire-logger-api-3.0.0-M5.jar:/Users/abdul/.m2/repository/org/apache/maven/surefire/surefire-shared-utils/3.0.0-M4/surefire-shared-utils-3.0.0-M4.jar:/Users/abdul/.m2/repository/org/apache/maven/surefire/surefire-extensions-spi/3.0.0-M5/surefire-extensions-spi-3.0.0-M5.jar:/Users/abdul/Documents/Skole/2022/2/IDATT 1002 - Systemutvikling/Project Bank/idatt1002_2023_group14/target/test-classes:/Users/abdul/.m2/repository/org/openjfx/javafx-controls/17.0.1/javafx-controls-17.0.1.jar:/Users/abdul/.m2/repository/javax/activation/activation/1.1/activation-1.1.jar:/Users/abdul/.m2/repository/commons-beanutils/commons-beanutils/1.9.4/commons-beanutils-1.9.4.jar:/Users/abdul/.m2/repository/commons-digester/commons-digester/2.1/commons-digester-2.1.jar:/Users/abdul/.m2/repository/commons-logging/commons-logging/1.2/commons-logging-1.2.jar:/Users/abdul/.m2/repository/commons-collections/commons-collections/3.2.2/commons-collections-3.2.2.jar:/Users/abdul/.m2/repository/org/openjfx/javafx-fxml/17.0.1/javafx-fxml-17.0.1.jar:/Users/abdul/.m2/repository/org/openjfx/javafx-fxml/17.0.1/javafx-fxml-17.0.1-mac-aarch64.jar:/Users/abdul/.m2/repository/org/openjfx/javafx-base/17.0.1/javafx-base-17.0.1.jar:/Users/abdul/.m2/repository/org/openjfx/javafx-graphics/17.0.1/javafx-graphics-17.0.1.jar:/Users/abdul/.m2/repository/org/openjfx/javafx-web/11.0.2/javafx-web-11.0.2.jar:/Users/abdul/.m2/repository/org/openjfx/javafx-web/11.0.2/javafx-web-11.0.2-mac.jar:/Users/abdul/.m2/repository/org/openjfx/javafx-media/11.0.2/javafx-media-11.0.2.jar:/Users/abdul/.m2/repository/org/openjfx/javafx-media/11.0.2/javafx-media-11.0.2-mac.jar:/Users/abdul/.m2/repository/org/openjfx/javafx-swing/11.0.2/javafx-swing-11.0.2.jar:/Users/abdul/.m2/repository/org/openjfx/javafx-swing/11.0.2/javafx-swing-11.0.2-mac.jar:/Users/abdul/.m2/repository/org/xerial/sqlite-jdbc/3.36.0.3/sqlite-jdbc-3.36.0.3.jar:/Users/abdul/.m2/repository/org/junit/jupiter/junit-jupiter-api/5.8.1/junit-jupiter-api-5.8.1.jar:/Users/abdul/.m2/repository/org/opentest4j/opentest4j/1.2.0/opentest4j-1.2.0.jar:/Users/abdul/.m2/repository/org/junit/platform/junit-platform-commons/1.8.1/junit-platform-commons-1.8.1.jar:/Users/abdul/.m2/repository/org/apiguardian/apiguardian-api/1.1.2/apiguardian-api-1.1.2.jar:/Users/abdul/.m2/repository/org/junit/jupiter/junit-jupiter-engine/5.8.1/junit-jupiter-engine-5.8.1.jar:/Users/abdul/.m2/repository/org/junit/platform/junit-platform-engine/1.8.1/junit-platform-engine-1.8.1.jar:/Users/abdul/.m2/repository/org/apache/maven/plugins/maven-assembly-plugin/3.3.0/maven-assembly-plugin-3.3.0.jar:/Users/abdul/.m2/repository/org/apache/maven/maven-plugin-api/3.0/maven-plugin-api-3.0.jar:/Users/abdul/.m2/repository/org/sonatype/sisu/sisu-inject-plexus/1.4.2/sisu-inject-plexus-1.4.2.jar:/Users/abdul/.m2/repository/org/sonatype/sisu/sisu-inject-bean/1.4.2/sisu-inject-bean-1.4.2.jar:/Users/abdul/.m2/repository/org/sonatype/sisu/sisu-guice/2.1.7/sisu-guice-2.1.7-noaop.jar:/Users/abdul/.m2/repository/org/apache/maven/maven-core/3.0/maven-core-3.0.jar:/Users/abdul/.m2/repository/org/apache/maven/maven-settings/3.0/maven-settings-3.0.jar:/Users/abdul/.m2/repository/org/apache/maven/maven-settings-builder/3.0/maven-settings-builder-3.0.jar:/Users/abdul/.m2/repository/org/apache/maven/maven-repository-metadata/3.0/maven-repository-metadata-3.0.jar:/Users/abdul/.m2/repository/org/apache/maven/maven-model-builder/3.0/maven-model-builder-3.0.jar:/Users/abdul/.m2/repository/org/apache/maven/maven-aether-provider/3.0/maven-aether-provider-3.0.jar:/Users/abdul/.m2/repository/org/sonatype/aether/aether-impl/1.7/aether-impl-1.7.jar:/Users/abdul/.m2/repository/org/sonatype/aether/aether-spi/1.7/aether-spi-1.7.jar:/Users/abdul/.m2/repository/org/sonatype/aether/aether-api/1.7/aether-api-1.7.jar:/Users/abdul/.m2/repository/org/sonatype/aether/aether-util/1.7/aether-util-1.7.jar:/Users/abdul/.m2/repository/org/codehaus/plexus/plexus-classworlds/2.2.3/plexus-classworlds-2.2.3.jar:/Users/abdul/.m2/repository/org/codehaus/plexus/plexus-component-annotations/1.5.5/plexus-component-annotations-1.5.5.jar:/Users/abdul/.m2/repository/org/sonatype/plexus/plexus-sec-dispatcher/1.3/plexus-sec-dispatcher-1.3.jar:/Users/abdul/.m2/repository/org/sonatype/plexus/plexus-cipher/1.4/plexus-cipher-1.4.jar:/Users/abdul/.m2/repository/org/apache/maven/maven-artifact/3.0/maven-artifact-3.0.jar:/Users/abdul/.m2/repository/org/apache/maven/maven-model/3.0/maven-model-3.0.jar:/Users/abdul/.m2/repository/org/apache/maven/shared/maven-common-artifact-filters/3.1.0/maven-common-artifact-filters-3.1.0.jar:/Users/abdul/.m2/repository/org/apache/maven/shared/maven-shared-utils/3.1.0/maven-shared-utils-3.1.0.jar:/Users/abdul/.m2/repository/org/apache/maven/shared/maven-artifact-transfer/0.11.0/maven-artifact-transfer-0.11.0.jar:/Users/abdul/.m2/repository/org/codehaus/plexus/plexus-interpolation/1.25/plexus-interpolation-1.25.jar:/Users/abdul/.m2/repository/org/codehaus/plexus/plexus-archiver/4.2.1/plexus-archiver-4.2.1.jar:/Users/abdul/.m2/repository/org/apache/commons/commons-compress/1.19/commons-compress-1.19.jar:/Users/abdul/.m2/repository/org/iq80/snappy/snappy/0.4/snappy-0.4.jar:/Users/abdul/.m2/repository/org/tukaani/xz/1.8/xz-1.8.jar:/Users/abdul/.m2/repository/org/apache/maven/shared/file-management/3.0.0/file-management-3.0.0.jar:/Users/abdul/.m2/repository/org/apache/maven/shared/maven-shared-io/3.0.0/maven-shared-io-3.0.0.jar:/Users/abdul/.m2/repository/org/apache/maven/maven-compat/3.0/maven-compat-3.0.jar:/Users/abdul/.m2/repository/org/apache/maven/wagon/wagon-provider-api/2.10/wagon-provider-api-2.10.jar:/Users/abdul/.m2/repository/commons-io/commons-io/2.5/commons-io-2.5.jar:/Users/abdul/.m2/repository/org/apache/maven/shared/maven-filtering/3.1.1/maven-filtering-3.1.1.jar:/Users/abdul/.m2/repository/org/sonatype/plexus/plexus-build-api/0.0.7/plexus-build-api-0.0.7.jar:/Users/abdul/.m2/repository/org/codehaus/plexus/plexus-io/3.2.0/plexus-io-3.2.0.jar:/Users/abdul/.m2/repository/org/apache/maven/maven-archiver/3.5.0/maven-archiver-3.5.0.jar:/Users/abdul/.m2/repository/org/codehaus/plexus/plexus-utils/3.3.0/plexus-utils-3.3.0.jar:/Users/abdul/.m2/repository/commons-codec/commons-codec/1.6/commons-codec-1.6.jar:/Users/abdul/.m2/repository/com/github/Dansoftowner/jSystemThemeDetector/3.8/jSystemThemeDetector-3.8.jar:/Users/abdul/.m2/repository/net/java/dev/jna/jna/5.10.0/jna-5.10.0.jar:/Users/abdul/.m2/repository/net/java/dev/jna/jna-platform/5.10.0/jna-platform-5.10.0.jar:/Users/abdul/.m2/repository/de/jangassen/jfa/1.2.0/jfa-1.2.0.jar:/Users/abdul/.m2/repository/com/github/oshi/oshi-core/5.8.6/oshi-core-5.8.6.jar:/Users/abdul/.m2/repository/io/github/g00fy2/versioncompare/1.4.1/versioncompare-1.4.1.jar:/Users/abdul/.m2/repository/org/jetbrains/annotations/22.0.0/annotations-22.0.0.jar:/Users/abdul/.m2/repository/org/slf4j/slf4j-api/1.7.36/slf4j-api-1.7.36.jar:/Users/abdul/.m2/repository/org/slf4j/slf4j-simple/1.7.36/slf4j-simple-1.7.36.jar:/Users/abdul/.m2/repository/org/apache/maven/surefire/surefire-junit-platform/3.0.0-M5/surefire-junit-platform-3.0.0-M5.jar:/Users/abdul/.m2/repository/org/apache/maven/surefire/common-java5/3.0.0-M5/common-java5-3.0.0-M5.jar:/Users/abdul/.m2/repository/org/junit/platform/junit-platform-launcher/1.8.1/junit-platform-launcher-1.8.1.jar"/>
    <property name="sun.management.compiler" value="HotSpot 64-Bit Tiered Compilers"/>
    <property name="ftp.nonProxyHosts" value="local|*.local|169.254/16|*.169.254/16"/>
    <property name="java.runtime.version" value="19.0.2"/>
    <property name="user.name" value="abdul"/>
    <property name="stdout.encoding" value="UTF-8"/>
    <property name="path.separator" value=":"/>
    <property name="os.version" value="13.3.1"/>
    <property name="java.runtime.name" value="OpenJDK Runtime Environment"/>
    <property name="file.encoding" value="UTF-8"/>
    <property name="java.vm.name" value="OpenJDK 64-Bit Server VM"/>
    <property name="java.vendor.version" value="Homebrew"/>
    <property name="localRepository" value="/Users/abdul/.m2/repository"/>
    <property name="java.vendor.url.bug" value="https://github.com/Homebrew/homebrew-core/issues"/>
    <property name="java.io.tmpdir" value="/var/folders/wg/hfhpxh094gjcn52qp8s5fszm0000gn/T/"/>
    <property name="java.version" value="19.0.2"/>
    <property name="user.dir" value="/Users/abdul/Documents/Skole/2022/2/IDATT 1002 - Systemutvikling/Project Bank/idatt1002_2023_group14"/>
    <property name="os.arch" value="aarch64"/>
    <property name="java.vm.specification.name" value="Java Virtual Machine Specification"/>
    <property name="native.encoding" value="UTF-8"/>
    <property name="java.library.path" value="/Users/abdul/Library/Java/Extensions:/Library/Java/Extensions:/Network/Library/Java/Extensions:/System/Library/Java/Extensions:/usr/lib/java:."/>
    <property name="java.vm.info" value="mixed mode"/>
    <property name="stderr.encoding" value="UTF-8"/>
    <property name="java.vendor" value="Homebrew"/>
    <property name="java.vm.version" value="19.0.2"/>
    <property name="sun.io.unicode.encoding" value="UnicodeBig"/>
    <property name="socksNonProxyHosts" value="local|*.local|169.254/16|*.169.254/16"/>
    <property name="java.class.version" value="63.0"/>
  </properties>
  <testcase name="csvParsing" classname="edu.ntnu.g14.TestTransaction" time="0.09"/>
</testsuite>